This is pdfTeX, Version 3.1415926-2.3-1.40.12 (MiKTeX 2.9) (preloaded format=pdflatex 2012.5.12)  19 AUG 2012 20:49
entering extended mode
**chapter_title.tex
(E:\code\latex\vim7.3用户手册\chapter_title.tex
LaTeX2e <2011/06/27>
Babel <v3.8m> and hyphenation patterns for loaded.
)
*
! Emergency stop.
<*> chapter_title.tex
                     
End of file on the terminal!

 
Here is how much of TeX's memory you used:
 251 strings out of 495354
 7166 string characters out of 3183859
 45336 words of memory out of 3000000
 3520 multiletter control sequences out of 15000+200000
 3640 words of font info for 14 fonts, out of 3000000 for 9000
 14 hyphenation exceptions out of 8191
 7i,0n,6p,147b,8s stack positions out of 5000i,500n,10000p,200000b,50000s
!  ==> Fatal error occurred, no output PDF file produced!